  text.cpp
E:\代码克隆仓库\-\3.1\3.1\text.cpp(12,2): error C3861: “assert”: 找不到标识符
E:\代码克隆仓库\-\3.1\3.1\text.cpp(13,23): error C3861: “malloc”: 找不到标识符
E:\代码克隆仓库\-\3.1\3.1\text.cpp(14,15): error C2065: “NULL”: 未声明的标识符
E:\代码克隆仓库\-\3.1\3.1\text.cpp(16,3): error C3861: “perror”: 找不到标识符
E:\代码克隆仓库\-\3.1\3.1\text.cpp(25,2): error C3861: “assert”: 找不到标识符
E:\代码克隆仓库\-\3.1\3.1\text.cpp(28,34): error C3861: “realloc”: 找不到标识符
E:\代码克隆仓库\-\3.1\3.1\text.cpp(29,16): error C2065: “NULL”: 未声明的标识符
E:\代码克隆仓库\-\3.1\3.1\text.cpp(31,4): error C3861: “perror”: 找不到标识符
E:\代码克隆仓库\-\3.1\3.1\text.cpp(43,2): error C3861: “assert”: 找不到标识符
E:\代码克隆仓库\-\3.1\3.1\text.cpp(49,2): error C3861: “assert”: 找不到标识符
E:\代码克隆仓库\-\3.1\3.1\text.cpp(50,2): error C3861: “assert”: 找不到标识符
E:\代码克隆仓库\-\3.1\3.1\text.cpp(56,2): error C3861: “assert”: 找不到标识符
E:\代码克隆仓库\-\3.1\3.1\text.cpp(57,2): error C3861: “assert”: 找不到标识符
E:\代码克隆仓库\-\3.1\3.1\text.cpp(63,2): error C3861: “assert”: 找不到标识符
E:\代码克隆仓库\-\3.1\3.1\text.cpp(69,2): error C3861: “assert”: 找不到标识符
E:\代码克隆仓库\-\3.1\3.1\text.cpp(70,2): error C3861: “free”: 找不到标识符
E:\代码克隆仓库\-\3.1\3.1\text.cpp(71,10): error C2065: “NULL”: 未声明的标识符
E:\代码克隆仓库\-\3.1\3.1\text.cpp(84,27): error C3861: “malloc”: 找不到标识符
E:\代码克隆仓库\-\3.1\3.1\text.cpp(85,13): error C2065: “NULL”: 未声明的标识符
E:\代码克隆仓库\-\3.1\3.1\text.cpp(87,3): error C3861: “perror”: 找不到标识符
E:\代码克隆仓库\-\3.1\3.1\text.cpp(88,10): error C2065: “NULL”: 未声明的标识符
E:\代码克隆仓库\-\3.1\3.1\text.cpp(132,2): error C3861: “free”: 找不到标识符
